2019-02-13 08:51:28.569 [main] INFO  cn.greatoo.easymill.Main - mill launched on 13-02-2019 08:51:28 上午
2019-02-13 08:51:48.888 [Thread-6] INFO   - Already loaded tables [clamping, coordinates, program, gripper, robot, stacker, gripperhead, robotsetting, mcode, workpiece, cncmillingmachine, step, userframe, mcodeadapter, smooth, socketconnection]
2019-02-13 08:51:48.916 [Thread-6] INFO   - Tables are already loaded
2019-02-13 08:51:54.418 [JavaFX Application Thread] INFO  cn.greatoo.easymill.login.LoginController - User successfully logged in 
2019-02-13 13:56:27.094 [main] INFO  cn.greatoo.easymill.Main - mill launched on 13-02-2019 01:56:27 下午
2019-02-13 13:56:46.795 [Thread-6] INFO   - Already loaded tables [clamping, coordinates, program, gripper, robot, stacker, gripperhead, robotsetting, mcode, workpiece, cncmillingmachine, step, userframe, mcodeadapter, smooth, socketconnection]
2019-02-13 13:56:46.799 [Thread-6] INFO   - Tables are already loaded
2019-02-13 13:56:53.672 [JavaFX Application Thread] INFO  cn.greatoo.easymill.login.LoginController - User successfully logged in 
2019-02-13 14:32:38.413 [main] INFO  cn.greatoo.easymill.Main - mill launched on 13-02-2019 02:32:38 下午
2019-02-13 14:32:58.462 [Thread-6] INFO   - Already loaded tables [clamping, coordinates, program, gripper, robot, stacker, gripperhead, robotsetting, mcode, workpiece, cncmillingmachine, step, userframe, mcodeadapter, smooth, socketconnection]
2019-02-13 14:32:58.466 [Thread-6] INFO   - Tables are already loaded
2019-02-13 14:32:59.686 [JavaFX Application Thread] INFO  cn.greatoo.easymill.login.LoginController - User successfully logged in 
2019-02-13 14:33:13.078 [JavaFX Application Thread] ERROR cn.greatoo.easymill.util.DefaultExceptionHandler - Exception occurred {}
java.lang.RuntimeException: java.lang.reflect.InvocationTargetException
	at javafx.fxml.FXMLLoader$MethodHandler.invoke(FXMLLoader.java:1774) ~[jfxrt.jar:?]
	at javafx.fxml.FXMLLoader$ControllerMethodEventHandler.handle(FXMLLoader.java:1657) ~[jfxrt.jar:?]
	at com.sun.javafx.event.CompositeEventHandler.dispatchBubblingEvent(CompositeEventHandler.java:86) ~[jfxrt.jar:?]
	at com.sun.javafx.event.EventHandlerManager.dispatchBubblingEvent(EventHandlerManager.java:238) ~[jfxrt.jar:?]
	at com.sun.javafx.event.EventHandlerManager.dispatchBubblingEvent(EventHandlerManager.java:191) ~[jfxrt.jar:?]
	at com.sun.javafx.event.CompositeEventDispatcher.dispatchBubblingEvent(CompositeEventDispatcher.java:59) ~[jfxrt.jar:?]
	at com.sun.javafx.event.BasicEventDispatcher.dispatchEvent(BasicEventDispatcher.java:58) ~[jfxrt.jar:?]
	at com.sun.javafx.event.EventDispatchChainImpl.dispatchEvent(EventDispatchChainImpl.java:114) ~[jfxrt.jar:?]
	at com.sun.javafx.event.BasicEventDispatcher.dispatchEvent(BasicEventDispatcher.java:56) ~[jfxrt.jar:?]
	at com.sun.javafx.event.EventDispatchChainImpl.dispatchEvent(EventDispatchChainImpl.java:114) ~[jfxrt.jar:?]
	at com.sun.javafx.event.BasicEventDispatcher.dispatchEvent(BasicEventDispatcher.java:56) ~[jfxrt.jar:?]
	at com.sun.javafx.event.EventDispatchChainImpl.dispatchEvent(EventDispatchChainImpl.java:114) ~[jfxrt.jar:?]
	at com.sun.javafx.event.BasicEventDispatcher.dispatchEvent(BasicEventDispatcher.java:56) ~[jfxrt.jar:?]
	at com.sun.javafx.event.EventDispatchChainImpl.dispatchEvent(EventDispatchChainImpl.java:114) ~[jfxrt.jar:?]
	at com.sun.javafx.event.BasicEventDispatcher.dispatchEvent(BasicEventDispatcher.java:56) ~[jfxrt.jar:?]
	at com.sun.javafx.event.EventDispatchChainImpl.dispatchEvent(EventDispatchChainImpl.java:114) ~[jfxrt.jar:?]
	at com.sun.javafx.event.EventUtil.fireEventImpl(EventUtil.java:74) ~[jfxrt.jar:?]
	at com.sun.javafx.event.EventUtil.fireEvent(EventUtil.java:54) ~[jfxrt.jar:?]
	at javafx.event.Event.fireEvent(Event.java:198) ~[jfxrt.jar:?]
	at javafx.scene.Scene$ClickGenerator.postProcess(Scene.java:3470) ~[jfxrt.jar:?]
	at javafx.scene.Scene$ClickGenerator.access$8100(Scene.java:3398) ~[jfxrt.jar:?]
	at javafx.scene.Scene$MouseHandler.process(Scene.java:3766) ~[jfxrt.jar:?]
	at javafx.scene.Scene$MouseHandler.access$1500(Scene.java:3485) ~[jfxrt.jar:?]
	at javafx.scene.Scene.impl_processMouseEvent(Scene.java:1762) ~[jfxrt.jar:?]
	at javafx.scene.Scene$ScenePeerListener.mouseEvent(Scene.java:2494) ~[jfxrt.jar:?]
	at com.sun.javafx.tk.quantum.GlassViewEventHandler$MouseEventNotification.run(GlassViewEventHandler.java:381) ~[jfxrt.jar:?]
	at com.sun.javafx.tk.quantum.GlassViewEventHandler$MouseEventNotification.run(GlassViewEventHandler.java:295) ~[jfxrt.jar:?]
	at java.security.AccessController.doPrivileged(Native Method) ~[?:1.8.0_131]
	at com.sun.javafx.tk.quantum.GlassViewEventHandler.lambda$handleMouseEvent$354(GlassViewEventHandler.java:417) ~[jfxrt.jar:?]
	at com.sun.javafx.tk.quantum.QuantumToolkit.runWithoutRenderLock(QuantumToolkit.java:389) ~[jfxrt.jar:?]
	at com.sun.javafx.tk.quantum.GlassViewEventHandler.handleMouseEvent(GlassViewEventHandler.java:416) ~[jfxrt.jar:?]
	at com.sun.glass.ui.View.handleMouseEvent(View.java:555) ~[jfxrt.jar:?]
	at com.sun.glass.ui.View.notifyMouse(View.java:937) ~[jfxrt.jar:?]
	at com.sun.glass.ui.win.WinApplication._runLoop(Native Method) ~[jfxrt.jar:?]
	at com.sun.glass.ui.win.WinApplication.lambda$null$148(WinApplication.java:191) ~[jfxrt.jar:?]
	at java.lang.Thread.run(Unknown Source) [?:1.8.0_131]
Caused by: java.lang.reflect.InvocationTargetException
	at sun.reflect.NativeMethodAccessorImpl.invoke0(Native Method) ~[?:1.8.0_131]
	at sun.reflect.NativeMethodAccessorImpl.invoke(Unknown Source) ~[?:1.8.0_131]
	at sun.reflect.DelegatingMethodAccessorImpl.invoke(Unknown Source) ~[?:1.8.0_131]
	at java.lang.reflect.Method.invoke(Unknown Source) ~[?:1.8.0_131]
	at sun.reflect.misc.Trampoline.invoke(Unknown Source) ~[?:1.8.0_131]
	at sun.reflect.GeneratedMethodAccessor2.invoke(Unknown Source) ~[?:?]
	at sun.reflect.DelegatingMethodAccessorImpl.invoke(Unknown Source) ~[?:1.8.0_131]
	at java.lang.reflect.Method.invoke(Unknown Source) ~[?:1.8.0_131]
	at sun.reflect.misc.MethodUtil.invoke(Unknown Source) ~[?:1.8.0_131]
	at javafx.fxml.FXMLLoader$MethodHandler.invoke(FXMLLoader.java:1769) ~[jfxrt.jar:?]
	... 35 more
Caused by: java.lang.Error: Unresolved compilation problem: 
	The import cn.greatoo.easymill.ui.main.button cannot be resolved

	at cn.greatoo.easymill.ui.set.table.load.RawWPViewController.<init>(RawWPViewController.java:13) ~[bin/:?]
	at sun.reflect.NativeConstructorAccessorImpl.newInstance0(Native Method) ~[?:1.8.0_131]
	at sun.reflect.NativeConstructorAccessorImpl.newInstance(Unknown Source) ~[?:1.8.0_131]
	at sun.reflect.DelegatingConstructorAccessorImpl.newInstance(Unknown Source) ~[?:1.8.0_131]
	at java.lang.reflect.Constructor.newInstance(Unknown Source) ~[?:1.8.0_131]
	at java.lang.Class.newInstance(Unknown Source) ~[?:1.8.0_131]
	at sun.reflect.misc.ReflectUtil.newInstance(Unknown Source) ~[?:1.8.0_131]
	at javafx.fxml.FXMLLoader$ValueElement.processAttribute(FXMLLoader.java:927) ~[jfxrt.jar:?]
	at javafx.fxml.FXMLLoader$InstanceDeclarationElement.processAttribute(FXMLLoader.java:971) ~[jfxrt.jar:?]
	at javafx.fxml.FXMLLoader$Element.processStartElement(FXMLLoader.java:220) ~[jfxrt.jar:?]
	at javafx.fxml.FXMLLoader$ValueElement.processStartElement(FXMLLoader.java:744) ~[jfxrt.jar:?]
	at javafx.fxml.FXMLLoader.processStartElement(FXMLLoader.java:2707) ~[jfxrt.jar:?]
	at javafx.fxml.FXMLLoader.loadImpl(FXMLLoader.java:2527) ~[jfxrt.jar:?]
	at javafx.fxml.FXMLLoader.loadImpl(FXMLLoader.java:2441) ~[jfxrt.jar:?]
	at javafx.fxml.FXMLLoader.load(FXMLLoader.java:2409) ~[jfxrt.jar:?]
	at cn.greatoo.easymill.ui.set.table.load.DeviceMenuViewController.openRawWPView(DeviceMenuViewController.java:167) ~[bin/:?]
	at cn.greatoo.easymill.ui.set.table.load.DeviceMenuViewController.init(DeviceMenuViewController.java:78) ~[bin/:?]
	at cn.greatoo.easymill.ui.set.SetViewController.openDeviceProcess1(SetViewController.java:216) ~[bin/:?]
	at sun.reflect.NativeMethodAccessorImpl.invoke0(Native Method) ~[?:1.8.0_131]
	at sun.reflect.NativeMethodAccessorImpl.invoke(Unknown Source) ~[?:1.8.0_131]
	at sun.reflect.DelegatingMethodAccessorImpl.invoke(Unknown Source) ~[?:1.8.0_131]
	at java.lang.reflect.Method.invoke(Unknown Source) ~[?:1.8.0_131]
	at sun.reflect.misc.Trampoline.invoke(Unknown Source) ~[?:1.8.0_131]
	at sun.reflect.GeneratedMethodAccessor2.invoke(Unknown Source) ~[?:?]
	at sun.reflect.DelegatingMethodAccessorImpl.invoke(Unknown Source) ~[?:1.8.0_131]
	at java.lang.reflect.Method.invoke(Unknown Source) ~[?:1.8.0_131]
	at sun.reflect.misc.MethodUtil.invoke(Unknown Source) ~[?:1.8.0_131]
	at javafx.fxml.FXMLLoader$MethodHandler.invoke(FXMLLoader.java:1769) ~[jfxrt.jar:?]
	... 35 more
2019-02-13 14:33:28.030 [JavaFX Application Thread] ERROR cn.greatoo.easymill.util.DefaultExceptionHandler - Exception occurred {}
java.lang.RuntimeException: java.lang.reflect.InvocationTargetException
	at javafx.fxml.FXMLLoader$MethodHandler.invoke(FXMLLoader.java:1774) ~[jfxrt.jar:?]
	at javafx.fxml.FXMLLoader$ControllerMethodEventHandler.handle(FXMLLoader.java:1657) ~[jfxrt.jar:?]
	at com.sun.javafx.event.CompositeEventHandler.dispatchBubblingEvent(CompositeEventHandler.java:86) ~[jfxrt.jar:?]
	at com.sun.javafx.event.EventHandlerManager.dispatchBubblingEvent(EventHandlerManager.java:238) ~[jfxrt.jar:?]
	at com.sun.javafx.event.EventHandlerManager.dispatchBubblingEvent(EventHandlerManager.java:191) ~[jfxrt.jar:?]
	at com.sun.javafx.event.CompositeEventDispatcher.dispatchBubblingEvent(CompositeEventDispatcher.java:59) ~[jfxrt.jar:?]
	at com.sun.javafx.event.BasicEventDispatcher.dispatchEvent(BasicEventDispatcher.java:58) ~[jfxrt.jar:?]
	at com.sun.javafx.event.EventDispatchChainImpl.dispatchEvent(EventDispatchChainImpl.java:114) ~[jfxrt.jar:?]
	at com.sun.javafx.event.BasicEventDispatcher.dispatchEvent(BasicEventDispatcher.java:56) ~[jfxrt.jar:?]
	at com.sun.javafx.event.EventDispatchChainImpl.dispatchEvent(EventDispatchChainImpl.java:114) ~[jfxrt.jar:?]
	at com.sun.javafx.event.BasicEventDispatcher.dispatchEvent(BasicEventDispatcher.java:56) ~[jfxrt.jar:?]
	at com.sun.javafx.event.EventDispatchChainImpl.dispatchEvent(EventDispatchChainImpl.java:114) ~[jfxrt.jar:?]
	at com.sun.javafx.event.BasicEventDispatcher.dispatchEvent(BasicEventDispatcher.java:56) ~[jfxrt.jar:?]
	at com.sun.javafx.event.EventDispatchChainImpl.dispatchEvent(EventDispatchChainImpl.java:114) ~[jfxrt.jar:?]
	at com.sun.javafx.event.BasicEventDispatcher.dispatchEvent(BasicEventDispatcher.java:56) ~[jfxrt.jar:?]
	at com.sun.javafx.event.EventDispatchChainImpl.dispatchEvent(EventDispatchChainImpl.java:114) ~[jfxrt.jar:?]
	at com.sun.javafx.event.EventUtil.fireEventImpl(EventUtil.java:74) ~[jfxrt.jar:?]
	at com.sun.javafx.event.EventUtil.fireEvent(EventUtil.java:54) ~[jfxrt.jar:?]
	at javafx.event.Event.fireEvent(Event.java:198) ~[jfxrt.jar:?]
	at javafx.scene.Scene$ClickGenerator.postProcess(Scene.java:3470) ~[jfxrt.jar:?]
	at javafx.scene.Scene$ClickGenerator.access$8100(Scene.java:3398) ~[jfxrt.jar:?]
	at javafx.scene.Scene$MouseHandler.process(Scene.java:3766) ~[jfxrt.jar:?]
	at javafx.scene.Scene$MouseHandler.access$1500(Scene.java:3485) ~[jfxrt.jar:?]
	at javafx.scene.Scene.impl_processMouseEvent(Scene.java:1762) ~[jfxrt.jar:?]
	at javafx.scene.Scene$ScenePeerListener.mouseEvent(Scene.java:2494) ~[jfxrt.jar:?]
	at com.sun.javafx.tk.quantum.GlassViewEventHandler$MouseEventNotification.run(GlassViewEventHandler.java:381) ~[jfxrt.jar:?]
	at com.sun.javafx.tk.quantum.GlassViewEventHandler$MouseEventNotification.run(GlassViewEventHandler.java:295) ~[jfxrt.jar:?]
	at java.security.AccessController.doPrivileged(Native Method) ~[?:1.8.0_131]
	at com.sun.javafx.tk.quantum.GlassViewEventHandler.lambda$handleMouseEvent$354(GlassViewEventHandler.java:417) ~[jfxrt.jar:?]
	at com.sun.javafx.tk.quantum.QuantumToolkit.runWithoutRenderLock(QuantumToolkit.java:389) ~[jfxrt.jar:?]
	at com.sun.javafx.tk.quantum.GlassViewEventHandler.handleMouseEvent(GlassViewEventHandler.java:416) ~[jfxrt.jar:?]
	at com.sun.glass.ui.View.handleMouseEvent(View.java:555) ~[jfxrt.jar:?]
	at com.sun.glass.ui.View.notifyMouse(View.java:937) ~[jfxrt.jar:?]
	at com.sun.glass.ui.win.WinApplication._runLoop(Native Method) ~[jfxrt.jar:?]
	at com.sun.glass.ui.win.WinApplication.lambda$null$148(WinApplication.java:191) ~[jfxrt.jar:?]
	at java.lang.Thread.run(Unknown Source) [?:1.8.0_131]
Caused by: java.lang.reflect.InvocationTargetException
	at sun.reflect.NativeMethodAccessorImpl.invoke0(Native Method) ~[?:1.8.0_131]
	at sun.reflect.NativeMethodAccessorImpl.invoke(Unknown Source) ~[?:1.8.0_131]
	at sun.reflect.DelegatingMethodAccessorImpl.invoke(Unknown Source) ~[?:1.8.0_131]
	at java.lang.reflect.Method.invoke(Unknown Source) ~[?:1.8.0_131]
	at sun.reflect.misc.Trampoline.invoke(Unknown Source) ~[?:1.8.0_131]
	at sun.reflect.GeneratedMethodAccessor2.invoke(Unknown Source) ~[?:?]
	at sun.reflect.DelegatingMethodAccessorImpl.invoke(Unknown Source) ~[?:1.8.0_131]
	at java.lang.reflect.Method.invoke(Unknown Source) ~[?:1.8.0_131]
	at sun.reflect.misc.MethodUtil.invoke(Unknown Source) ~[?:1.8.0_131]
	at javafx.fxml.FXMLLoader$MethodHandler.invoke(FXMLLoader.java:1769) ~[jfxrt.jar:?]
	... 35 more
Caused by: java.lang.Error: Unresolved compilation problem: 
	The import cn.greatoo.easymill.ui.main.button cannot be resolved

	at cn.greatoo.easymill.ui.set.table.load.RawWPViewController.<init>(RawWPViewController.java:13) ~[bin/:?]
	at sun.reflect.NativeConstructorAccessorImpl.newInstance0(Native Method) ~[?:1.8.0_131]
	at sun.reflect.NativeConstructorAccessorImpl.newInstance(Unknown Source) ~[?:1.8.0_131]
	at sun.reflect.DelegatingConstructorAccessorImpl.newInstance(Unknown Source) ~[?:1.8.0_131]
	at java.lang.reflect.Constructor.newInstance(Unknown Source) ~[?:1.8.0_131]
	at java.lang.Class.newInstance(Unknown Source) ~[?:1.8.0_131]
	at sun.reflect.misc.ReflectUtil.newInstance(Unknown Source) ~[?:1.8.0_131]
	at javafx.fxml.FXMLLoader$ValueElement.processAttribute(FXMLLoader.java:927) ~[jfxrt.jar:?]
	at javafx.fxml.FXMLLoader$InstanceDeclarationElement.processAttribute(FXMLLoader.java:971) ~[jfxrt.jar:?]
	at javafx.fxml.FXMLLoader$Element.processStartElement(FXMLLoader.java:220) ~[jfxrt.jar:?]
	at javafx.fxml.FXMLLoader$ValueElement.processStartElement(FXMLLoader.java:744) ~[jfxrt.jar:?]
	at javafx.fxml.FXMLLoader.processStartElement(FXMLLoader.java:2707) ~[jfxrt.jar:?]
	at javafx.fxml.FXMLLoader.loadImpl(FXMLLoader.java:2527) ~[jfxrt.jar:?]
	at javafx.fxml.FXMLLoader.loadImpl(FXMLLoader.java:2441) ~[jfxrt.jar:?]
	at javafx.fxml.FXMLLoader.load(FXMLLoader.java:2409) ~[jfxrt.jar:?]
	at cn.greatoo.easymill.ui.set.table.load.DeviceMenuViewController.openRawWPView(DeviceMenuViewController.java:167) ~[bin/:?]
	at cn.greatoo.easymill.ui.set.table.load.DeviceMenuViewController.init(DeviceMenuViewController.java:78) ~[bin/:?]
	at cn.greatoo.easymill.ui.set.SetViewController.openDeviceProcess1(SetViewController.java:216) ~[bin/:?]
	at sun.reflect.NativeMethodAccessorImpl.invoke0(Native Method) ~[?:1.8.0_131]
	at sun.reflect.NativeMethodAccessorImpl.invoke(Unknown Source) ~[?:1.8.0_131]
	at sun.reflect.DelegatingMethodAccessorImpl.invoke(Unknown Source) ~[?:1.8.0_131]
	at java.lang.reflect.Method.invoke(Unknown Source) ~[?:1.8.0_131]
	at sun.reflect.misc.Trampoline.invoke(Unknown Source) ~[?:1.8.0_131]
	at sun.reflect.GeneratedMethodAccessor2.invoke(Unknown Source) ~[?:?]
	at sun.reflect.DelegatingMethodAccessorImpl.invoke(Unknown Source) ~[?:1.8.0_131]
	at java.lang.reflect.Method.invoke(Unknown Source) ~[?:1.8.0_131]
	at sun.reflect.misc.MethodUtil.invoke(Unknown Source) ~[?:1.8.0_131]
	at javafx.fxml.FXMLLoader$MethodHandler.invoke(FXMLLoader.java:1769) ~[jfxrt.jar:?]
	... 35 more
2019-02-13 14:34:41.150 [main] INFO  cn.greatoo.easymill.Main - mill launched on 13-02-2019 02:34:41 下午
2019-02-13 14:35:01.424 [Thread-6] INFO   - Already loaded tables [clamping, coordinates, program, gripper, robot, stacker, gripperhead, robotsetting, mcode, workpiece, cncmillingmachine, step, userframe, mcodeadapter, smooth, socketconnection]
2019-02-13 14:35:01.428 [Thread-6] INFO   - Tables are already loaded
2019-02-13 14:35:05.377 [JavaFX Application Thread] INFO  cn.greatoo.easymill.login.LoginController - User successfully logged in 
2019-02-13 14:39:20.222 [main] INFO  cn.greatoo.easymill.Main - mill launched on 13-02-2019 02:39:20 下午
2019-02-13 14:39:40.414 [Thread-6] INFO   - Already loaded tables [clamping, coordinates, program, gripper, robot, stacker, gripperhead, robotsetting, mcode, workpiece, cncmillingmachine, step, userframe, mcodeadapter, smooth, socketconnection]
2019-02-13 14:39:40.419 [Thread-6] INFO   - Tables are already loaded
2019-02-13 14:39:41.600 [JavaFX Application Thread] INFO  cn.greatoo.easymill.login.LoginController - User successfully logged in 
2019-02-13 14:55:58.318 [main] INFO  cn.greatoo.easymill.Main - mill launched on 13-02-2019 02:55:58 下午
2019-02-13 14:56:18.513 [Thread-6] INFO   - Already loaded tables [clamping, coordinates, program, gripper, robot, stacker, gripperhead, robotsetting, mcode, workpiece, cncmillingmachine, step, userframe, mcodeadapter, smooth, socketconnection]
2019-02-13 14:56:18.518 [Thread-6] INFO   - Tables are already loaded
2019-02-13 14:56:19.910 [JavaFX Application Thread] INFO  cn.greatoo.easymill.login.LoginController - User successfully logged in 
2019-02-13 14:59:29.752 [main] INFO  cn.greatoo.easymill.Main - mill launched on 13-02-2019 02:59:29 下午
2019-02-13 14:59:49.988 [Thread-6] INFO   - Already loaded tables [clamping, coordinates, program, gripper, robot, stacker, gripperhead, robotsetting, mcode, workpiece, cncmillingmachine, step, userframe, mcodeadapter, smooth, socketconnection]
2019-02-13 14:59:49.992 [Thread-6] INFO   - Tables are already loaded
2019-02-13 14:59:51.678 [JavaFX Application Thread] INFO  cn.greatoo.easymill.login.LoginController - User successfully logged in 
